2013-05-17
    1.新增ALMRun.ini配置文件,可以通过这个来进行一些基本的配置.
    2.热键功能优化,以前必须A-R现在用"+"也可以,同时允许中间有空格,像"A + R",也可以用比较直观的"Alt + R"

2013-05-14
    1.新增API
	* MessageBox 显示一个提示对话框.和message不同,对话框就是要等待用户输入的.
    2.修改message的参数新的为message(message,title),统一
2013-05-13
    1.新增API
	* InputBox 显示文本或密码输入框,返回输入的内容.

2013-05-12
    1.新增配置项.
    	* ShowTopTen 仅显示前10项
	* ExecuteIfOnlyOne 当仅剩一项匹配项时立即执行
2013-05-11
    列表框循环上下移动.
    BUG修正(ShowTrayIcon配置无效)
2013-05-10
    新增配置项
	* ShowTrayIcon 是否显示托盘图标
	* NumberKey 	是否允许数字键快捷键(同时允许空格快捷键)
2013-05-09
    新增API
	* GetShellFolder 获取系统特殊文件夹位置.